<?xml version="1.0" encoding="UTF-8"?>
<testng-results skipped="0" failed="0" ignored="0" total="1" passed="1">
  <reporter-output>
  </reporter-output>
  <suite name="cod_extract_test" duration-ms="1493" started-at="2018-01-08T11:31:44Z" finished-at="2018-01-08T11:31:45Z">
    <groups>
      <group name="cucumber">
        <method signature="AbstractTestNGCucumberTests.feature(cucumber.api.testng.CucumberFeatureWrapper)[pri:0, instance:cod.extract.test.scripts.DBTests@1ed4004b]" name="feature" class="cucumber.api.testng.AbstractTestNGCucumberTests"/>
      </group> <!-- cucumber -->
    </groups>
    <test name="post_initial_extract_test" duration-ms="1493" started-at="2018-01-08T11:31:44Z" finished-at="2018-01-08T11:31:45Z">
      <class name="cod.extract.test.scripts.DBTests">
        <test-method status="PASS" signature="setUpClass()[pri:0, instance:cod.extract.test.scripts.DBTests@1ed4004b]" name="setUpClass" is-config="true" duration-ms="390" started-at="2018-01-08T11:31:44Z" finished-at="2018-01-08T11:31:44Z">
          <reporter-output>
          </reporter-output>
        </test-method> <!-- setUpClass -->
        <test-method status="PASS" signature="setUp()[pri:0, instance:cod.extract.test.scripts.DBTests@1ed4004b]" name="setUp" is-config="true" duration-ms="176" started-at="2018-01-08T11:31:44Z" finished-at="2018-01-08T11:31:44Z">
          <reporter-output>
          </reporter-output>
        </test-method> <!-- setUp -->
        <test-method status="PASS" signature="feature(cucumber.api.testng.CucumberFeatureWrapper)[pri:0, instance:cod.extract.test.scripts.DBTests@1ed4004b]" name="feature" duration-ms="674" started-at="2018-01-08T11:31:44Z" description="Runs Cucumber Feature" data-provider="features" finished-at="2018-01-08T11:31:45Z">
          <params>
            <param index="0">
              <value>
                <![CDATA[Organisation Extract_Load DB test feature]]>
              </value>
            </param>
          </params>
          <reporter-output>
          </reporter-output>
        </test-method> <!-- feature -->
        <test-method status="PASS" signature="tearDown()[pri:0, instance:cod.extract.test.scripts.DBTests@1ed4004b]" name="tearDown" is-config="true" duration-ms="2" started-at="2018-01-08T11:31:45Z" finished-at="2018-01-08T11:31:45Z">
          <reporter-output>
          </reporter-output>
        </test-method> <!-- tearDown -->
        <test-method status="PASS" signature="tearDownClass()[pri:0, instance:cod.extract.test.scripts.DBTests@1ed4004b]" name="tearDownClass" is-config="true" duration-ms="25" started-at="2018-01-08T11:31:45Z" finished-at="2018-01-08T11:31:45Z">
          <reporter-output>
          </reporter-output>
        </test-method> <!-- tearDownClass -->
      </class> <!-- cod.extract.test.scripts.DBTests -->
    </test> <!-- post_initial_extract_test -->
  </suite> <!-- cod_extract_test -->
</testng-results>
